<?xml version="1.0" encoding="UTF-8" standalone="no"?><testsuite errors="0" failures="0" name="Gestión de Reservas" skipped="0" tests="7" time="0.17" timestamp="2026-05-01 03:11:30"><testcase name="Crear una reserva válida exitosamente"/><testcase name="No se puede crear una reserva con fechas inválidas"/><testcase name="No se puede crear una reserva si la habitación no está disponible"/><testcase name="No se puede exceder la capacidad máxima de la habitación"/><testcase name="Verificar disponibilidad de habitación en un rango de fechas"/><testcase name="Obtener reserva por ID existente"/><testcase name="Lanza excepción al buscar reserva con ID inexistente"/></testsuite>